<?xml version="1.0" encoding="UTF-8"?>
<!-- Generated by org.testng.reporters.JUnitReportReporter -->
<testsuite hostname="LAPTOP-MKM29HK5" failures="0" tests="11" name="com.bigsmall.runner.TestRunner" time="146.450" errors="0" timestamp="22 Nov 2021 03:56:16 GMT" skipped="0">
  <testcase classname="com.bigsmall.runner.TestRunner" name="runScenario" time="13.814"/>
  <testcase classname="com.bigsmall.runner.TestRunner" name="runScenario" time="10.474"/>
  <testcase classname="com.bigsmall.runner.TestRunner" name="runScenario" time="21.745"/>
  <testcase classname="com.bigsmall.runner.TestRunner" name="runScenario" time="11.323"/>
  <testcase classname="com.bigsmall.runner.TestRunner" name="runScenario" time="8.587"/>
  <testcase classname="com.bigsmall.runner.TestRunner" name="runScenario" time="9.583"/>
  <testcase classname="com.bigsmall.runner.TestRunner" name="runScenario" time="11.948"/>
  <testcase classname="com.bigsmall.runner.TestRunner" name="runScenario" time="15.191"/>
  <testcase classname="com.bigsmall.runner.TestRunner" name="runScenario" time="18.774"/>
  <testcase classname="com.bigsmall.runner.TestRunner" name="runScenario" time="4.270"/>
  <testcase classname="com.bigsmall.runner.TestRunner" name="runScenario" time="20.741"/>
</testsuite> <!-- com.bigsmall.runner.TestRunner -->
