<?xml version="1.0" encoding="UTF-8"?>
<!-- Generated by org.testng.reporters.JUnitReportReporter -->
<testsuite hostname="LAPTOP-MKM29HK5" failures="0" tests="11" name="com.bigsmall.runner.TestRunner" time="134.294" errors="0" timestamp="22 Nov 2021 04:42:55 GMT" skipped="0">
  <testcase classname="com.bigsmall.runner.TestRunner" name="runScenario" time="7.582"/>
  <testcase classname="com.bigsmall.runner.TestRunner" name="runScenario" time="18.733"/>
  <testcase classname="com.bigsmall.runner.TestRunner" name="runScenario" time="15.006"/>
  <testcase classname="com.bigsmall.runner.TestRunner" name="runScenario" time="9.287"/>
  <testcase classname="com.bigsmall.runner.TestRunner" name="runScenario" time="20.593"/>
  <testcase classname="com.bigsmall.runner.TestRunner" name="runScenario" time="10.166"/>
  <testcase classname="com.bigsmall.runner.TestRunner" name="runScenario" time="8.197"/>
  <testcase classname="com.bigsmall.runner.TestRunner" name="runScenario" time="21.768"/>
  <testcase classname="com.bigsmall.runner.TestRunner" name="runScenario" time="4.764"/>
  <testcase classname="com.bigsmall.runner.TestRunner" name="runScenario" time="8.454"/>
  <testcase classname="com.bigsmall.runner.TestRunner" name="runScenario" time="9.744"/>
</testsuite> <!-- com.bigsmall.runner.TestRunner -->
